
**** Build of configuration Debug for project AUTOSAR_Port_Project ****

"D:\\ccs\\utils\\bin\\gmake" -k -j 12 all -O 
 
Building file: "../tm4c123gh6pm_startup_ccs.c"
Invoking: Arm Compiler
"D:/ccs/tools/compiler/ti-cgt-arm_20.2.7.LTS/bin/armcl" -mv7M4 --code_state=16 --float_support=FPv4SPD16 -me --include_path="C:/Users/20109/Desktop/Automotive DIPLOMA/AUTOSAR_Port_Project/AUTOSAR_Port_Project" --include_path="D:/ccs/tools/compiler/ti-cgt-arm_20.2.7.LTS/include" --define=ccs="ccs" --define=PART_TM4C123GH6PM -g --gcc --diag_warning=225 --diag_wrap=off --display_error_number --abi=eabi --preproc_with_compile --preproc_dependency="tm4c123gh6pm_startup_ccs.d_raw"  "../tm4c123gh6pm_startup_ccs.c"
 
>> Compilation failure
subdir_rules.mk:9: recipe for target 'tm4c123gh6pm_startup_ccs.obj' failed
"../tm4c123gh6pm_startup_ccs.c", line 85: error #20: identifier "SysTick_Handler" is undefined
1 error detected in the compilation of "../tm4c123gh6pm_startup_ccs.c".
gmake: *** [tm4c123gh6pm_startup_ccs.obj] Error 1
Building file: "../Mcu.c"
Invoking: Arm Compiler
"D:/ccs/tools/compiler/ti-cgt-arm_20.2.7.LTS/bin/armcl" -mv7M4 --code_state=16 --float_support=FPv4SPD16 -me --include_path="C:/Users/20109/Desktop/Automotive DIPLOMA/AUTOSAR_Port_Project/AUTOSAR_Port_Project" --include_path="D:/ccs/tools/compiler/ti-cgt-arm_20.2.7.LTS/include" --define=ccs="ccs" --define=PART_TM4C123GH6PM -g --gcc --diag_warning=225 --diag_wrap=off --display_error_number --abi=eabi --preproc_with_compile --preproc_dependency="Mcu.d_raw"  "../Mcu.c"
Finished building: "../Mcu.c"
 
Building file: "../App.c"
Invoking: Arm Compiler
"D:/ccs/tools/compiler/ti-cgt-arm_20.2.7.LTS/bin/armcl" -mv7M4 --code_state=16 --float_support=FPv4SPD16 -me --include_path="C:/Users/20109/Desktop/Automotive DIPLOMA/AUTOSAR_Port_Project/AUTOSAR_Port_Project" --include_path="D:/ccs/tools/compiler/ti-cgt-arm_20.2.7.LTS/include" --define=ccs="ccs" --define=PART_TM4C123GH6PM -g --gcc --diag_warning=225 --diag_wrap=off --display_error_number --abi=eabi --preproc_with_compile --preproc_dependency="App.d_raw"  "../App.c"
"../App.c", line 31: warning #225-D: function "Button_Init" declared implicitly
Finished building: "../App.c"
 
Building file: "../Button.c"
Invoking: Arm Compiler
"D:/ccs/tools/compiler/ti-cgt-arm_20.2.7.LTS/bin/armcl" -mv7M4 --code_state=16 --float_support=FPv4SPD16 -me --include_path="C:/Users/20109/Desktop/Automotive DIPLOMA/AUTOSAR_Port_Project/AUTOSAR_Port_Project" --include_path="D:/ccs/tools/compiler/ti-cgt-arm_20.2.7.LTS/include" --define=ccs="ccs" --define=PART_TM4C123GH6PM -g --gcc --diag_warning=225 --diag_wrap=off --display_error_number --abi=eabi --preproc_with_compile --preproc_dependency="Button.d_raw"  "../Button.c"
Finished building: "../Button.c"
 
Building file: "../Det.c"
Invoking: Arm Compiler
"D:/ccs/tools/compiler/ti-cgt-arm_20.2.7.LTS/bin/armcl" -mv7M4 --code_state=16 --float_support=FPv4SPD16 -me --include_path="C:/Users/20109/Desktop/Automotive DIPLOMA/AUTOSAR_Port_Project/AUTOSAR_Port_Project" --include_path="D:/ccs/tools/compiler/ti-cgt-arm_20.2.7.LTS/include" --define=ccs="ccs" --define=PART_TM4C123GH6PM -g --gcc --diag_warning=225 --diag_wrap=off --display_error_number --abi=eabi --preproc_with_compile --preproc_dependency="Det.d_raw"  "../Det.c"
"../Det.c", line 23: warning #112-D: statement is unreachable
Finished building: "../Det.c"
 
Building file: "../Dio.c"
Invoking: Arm Compiler
"D:/ccs/tools/compiler/ti-cgt-arm_20.2.7.LTS/bin/armcl" -mv7M4 --code_state=16 --float_support=FPv4SPD16 -me --include_path="C:/Users/20109/Desktop/Automotive DIPLOMA/AUTOSAR_Port_Project/AUTOSAR_Port_Project" --include_path="D:/ccs/tools/compiler/ti-cgt-arm_20.2.7.LTS/include" --define=ccs="ccs" --define=PART_TM4C123GH6PM -g --gcc --diag_warning=225 --diag_wrap=off --display_error_number --abi=eabi --preproc_with_compile --preproc_dependency="Dio.d_raw"  "../Dio.c"
Finished building: "../Dio.c"
 
Building file: "../Dio_PBcfg.c"
Invoking: Arm Compiler
"D:/ccs/tools/compiler/ti-cgt-arm_20.2.7.LTS/bin/armcl" -mv7M4 --code_state=16 --float_support=FPv4SPD16 -me --include_path="C:/Users/20109/Desktop/Automotive DIPLOMA/AUTOSAR_Port_Project/AUTOSAR_Port_Project" --include_path="D:/ccs/tools/compiler/ti-cgt-arm_20.2.7.LTS/include" --define=ccs="ccs" --define=PART_TM4C123GH6PM -g --gcc --diag_warning=225 --diag_wrap=off --display_error_number --abi=eabi --preproc_with_compile --preproc_dependency="Dio_PBcfg.d_raw"  "../Dio_PBcfg.c"
Finished building: "../Dio_PBcfg.c"
 
Building file: "../Gpt.c"
Invoking: Arm Compiler
"D:/ccs/tools/compiler/ti-cgt-arm_20.2.7.LTS/bin/armcl" -mv7M4 --code_state=16 --float_support=FPv4SPD16 -me --include_path="C:/Users/20109/Desktop/Automotive DIPLOMA/AUTOSAR_Port_Project/AUTOSAR_Port_Project" --include_path="D:/ccs/tools/compiler/ti-cgt-arm_20.2.7.LTS/include" --define=ccs="ccs" --define=PART_TM4C123GH6PM -g --gcc --diag_warning=225 --diag_wrap=off --display_error_number --abi=eabi --preproc_with_compile --preproc_dependency="Gpt.d_raw"  "../Gpt.c"
Finished building: "../Gpt.c"
 
Building file: "../Led.c"
Invoking: Arm Compiler
"D:/ccs/tools/compiler/ti-cgt-arm_20.2.7.LTS/bin/armcl" -mv7M4 --code_state=16 --float_support=FPv4SPD16 -me --include_path="C:/Users/20109/Desktop/Automotive DIPLOMA/AUTOSAR_Port_Project/AUTOSAR_Port_Project" --include_path="D:/ccs/tools/compiler/ti-cgt-arm_20.2.7.LTS/include" --define=ccs="ccs" --define=PART_TM4C123GH6PM -g --gcc --diag_warning=225 --diag_wrap=off --display_error_number --abi=eabi --preproc_with_compile --preproc_dependency="Led.d_raw"  "../Led.c"
Finished building: "../Led.c"
 
Building file: "../Os.c"
Invoking: Arm Compiler
"D:/ccs/tools/compiler/ti-cgt-arm_20.2.7.LTS/bin/armcl" -mv7M4 --code_state=16 --float_support=FPv4SPD16 -me --include_path="C:/Users/20109/Desktop/Automotive DIPLOMA/AUTOSAR_Port_Project/AUTOSAR_Port_Project" --include_path="D:/ccs/tools/compiler/ti-cgt-arm_20.2.7.LTS/include" --define=ccs="ccs" --define=PART_TM4C123GH6PM -g --gcc --diag_warning=225 --diag_wrap=off --display_error_number --abi=eabi --preproc_with_compile --preproc_dependency="Os.d_raw"  "../Os.c"
Finished building: "../Os.c"
 
Building file: "../Port.c"
Invoking: Arm Compiler
"D:/ccs/tools/compiler/ti-cgt-arm_20.2.7.LTS/bin/armcl" -mv7M4 --code_state=16 --float_support=FPv4SPD16 -me --include_path="C:/Users/20109/Desktop/Automotive DIPLOMA/AUTOSAR_Port_Project/AUTOSAR_Port_Project" --include_path="D:/ccs/tools/compiler/ti-cgt-arm_20.2.7.LTS/include" --define=ccs="ccs" --define=PART_TM4C123GH6PM -g --gcc --diag_warning=225 --diag_wrap=off --display_error_number --abi=eabi --preproc_with_compile --preproc_dependency="Port.d_raw"  "../Port.c"
Finished building: "../Port.c"
 
Building file: "../main.c"
Invoking: Arm Compiler
"D:/ccs/tools/compiler/ti-cgt-arm_20.2.7.LTS/bin/armcl" -mv7M4 --code_state=16 --float_support=FPv4SPD16 -me --include_path="C:/Users/20109/Desktop/Automotive DIPLOMA/AUTOSAR_Port_Project/AUTOSAR_Port_Project" --include_path="D:/ccs/tools/compiler/ti-cgt-arm_20.2.7.LTS/include" --define=ccs="ccs" --define=PART_TM4C123GH6PM -g --gcc --diag_warning=225 --diag_wrap=off --display_error_number --abi=eabi --preproc_with_compile --preproc_dependency="main.d_raw"  "../main.c"
Finished building: "../main.c"
 
gmake: Target 'all' not remade because of errors.

**** Build Finished ****

**** Clean-only build of configuration Debug for project AUTOSAR_Port_Project ****

"D:\\ccs\\utils\\bin\\gmake" -k -j 12 clean -O 
 
DEL /F  "AUTOSAR_Port_Project.out" 
DEL /F "App.obj" "Button.obj" "Det.obj" "Dio.obj" "Dio_PBcfg.obj" "Gpt.obj" "Led.obj" "Mcu.obj" "Os.obj" "Port.obj" "main.obj" "tm4c123gh6pm_startup_ccs.obj" 
DEL /F "App.d" "Button.d" "Det.d" "Dio.d" "Dio_PBcfg.d" "Gpt.d" "Led.d" "Mcu.d" "Os.d" "Port.d" "main.d" "tm4c123gh6pm_startup_ccs.d" 
Could Not Find C:\Users\20109\Desktop\Automotive DIPLOMA\AUTOSAR_Port_Project\AUTOSAR_Port_Project\Debug\AUTOSAR_Port_Project.out
Finished clean
 

**** Build Finished ****

**** Build of configuration Debug for project AUTOSAR_Port_Project ****

"D:\\ccs\\utils\\bin\\gmake" -k -j 12 all -O 
 
Building file: "../App.c"
Invoking: Arm Compiler
"D:/ccs/tools/compiler/ti-cgt-arm_20.2.7.LTS/bin/armcl" -mv7M4 --code_state=16 --float_support=FPv4SPD16 -me --include_path="C:/Users/20109/Desktop/Automotive DIPLOMA/AUTOSAR_Port_Project/AUTOSAR_Port_Project" --include_path="D:/ccs/tools/compiler/ti-cgt-arm_20.2.7.LTS/include" --define=ccs="ccs" --define=PART_TM4C123GH6PM -g --gcc --diag_warning=225 --diag_wrap=off --display_error_number --abi=eabi --preproc_with_compile --preproc_dependency="App.d_raw"  "../App.c"
"../App.c", line 31: warning #225-D: function "Button_Init" declared implicitly
Finished building: "../App.c"
 
Building file: "../Button.c"
Invoking: Arm Compiler
"D:/ccs/tools/compiler/ti-cgt-arm_20.2.7.LTS/bin/armcl" -mv7M4 --code_state=16 --float_support=FPv4SPD16 -me --include_path="C:/Users/20109/Desktop/Automotive DIPLOMA/AUTOSAR_Port_Project/AUTOSAR_Port_Project" --include_path="D:/ccs/tools/compiler/ti-cgt-arm_20.2.7.LTS/include" --define=ccs="ccs" --define=PART_TM4C123GH6PM -g --gcc --diag_warning=225 --diag_wrap=off --display_error_number --abi=eabi --preproc_with_compile --preproc_dependency="Button.d_raw"  "../Button.c"
Finished building: "../Button.c"
 
Building file: "../Det.c"
Invoking: Arm Compiler
"D:/ccs/tools/compiler/ti-cgt-arm_20.2.7.LTS/bin/armcl" -mv7M4 --code_state=16 --float_support=FPv4SPD16 -me --include_path="C:/Users/20109/Desktop/Automotive DIPLOMA/AUTOSAR_Port_Project/AUTOSAR_Port_Project" --include_path="D:/ccs/tools/compiler/ti-cgt-arm_20.2.7.LTS/include" --define=ccs="ccs" --define=PART_TM4C123GH6PM -g --gcc --diag_warning=225 --diag_wrap=off --display_error_number --abi=eabi --preproc_with_compile --preproc_dependency="Det.d_raw"  "../Det.c"
"../Det.c", line 23: warning #112-D: statement is unreachable
Finished building: "../Det.c"
 
Building file: "../Dio_PBcfg.c"
Invoking: Arm Compiler
"D:/ccs/tools/compiler/ti-cgt-arm_20.2.7.LTS/bin/armcl" -mv7M4 --code_state=16 --float_support=FPv4SPD16 -me --include_path="C:/Users/20109/Desktop/Automotive DIPLOMA/AUTOSAR_Port_Project/AUTOSAR_Port_Project" --include_path="D:/ccs/tools/compiler/ti-cgt-arm_20.2.7.LTS/include" --define=ccs="ccs" --define=PART_TM4C123GH6PM -g --gcc --diag_warning=225 --diag_wrap=off --display_error_number --abi=eabi --preproc_with_compile --preproc_dependency="Dio_PBcfg.d_raw"  "../Dio_PBcfg.c"
Finished building: "../Dio_PBcfg.c"
 
Building file: "../Dio.c"
Invoking: Arm Compiler
"D:/ccs/tools/compiler/ti-cgt-arm_20.2.7.LTS/bin/armcl" -mv7M4 --code_state=16 --float_support=FPv4SPD16 -me --include_path="C:/Users/20109/Desktop/Automotive DIPLOMA/AUTOSAR_Port_Project/AUTOSAR_Port_Project" --include_path="D:/ccs/tools/compiler/ti-cgt-arm_20.2.7.LTS/include" --define=ccs="ccs" --define=PART_TM4C123GH6PM -g --gcc --diag_warning=225 --diag_wrap=off --display_error_number --abi=eabi --preproc_with_compile --preproc_dependency="Dio.d_raw"  "../Dio.c"
Finished building: "../Dio.c"
 
Building file: "../Gpt.c"
Invoking: Arm Compiler
"D:/ccs/tools/compiler/ti-cgt-arm_20.2.7.LTS/bin/armcl" -mv7M4 --code_state=16 --float_support=FPv4SPD16 -me --include_path="C:/Users/20109/Desktop/Automotive DIPLOMA/AUTOSAR_Port_Project/AUTOSAR_Port_Project" --include_path="D:/ccs/tools/compiler/ti-cgt-arm_20.2.7.LTS/include" --define=ccs="ccs" --define=PART_TM4C123GH6PM -g --gcc --diag_warning=225 --diag_wrap=off --display_error_number --abi=eabi --preproc_with_compile --preproc_dependency="Gpt.d_raw"  "../Gpt.c"
Finished building: "../Gpt.c"
 
Building file: "../Led.c"
Invoking: Arm Compiler
"D:/ccs/tools/compiler/ti-cgt-arm_20.2.7.LTS/bin/armcl" -mv7M4 --code_state=16 --float_support=FPv4SPD16 -me --include_path="C:/Users/20109/Desktop/Automotive DIPLOMA/AUTOSAR_Port_Project/AUTOSAR_Port_Project" --include_path="D:/ccs/tools/compiler/ti-cgt-arm_20.2.7.LTS/include" --define=ccs="ccs" --define=PART_TM4C123GH6PM -g --gcc --diag_warning=225 --diag_wrap=off --display_error_number --abi=eabi --preproc_with_compile --preproc_dependency="Led.d_raw"  "../Led.c"
Finished building: "../Led.c"
 
Building file: "../Mcu.c"
Invoking: Arm Compiler
"D:/ccs/tools/compiler/ti-cgt-arm_20.2.7.LTS/bin/armcl" -mv7M4 --code_state=16 --float_support=FPv4SPD16 -me --include_path="C:/Users/20109/Desktop/Automotive DIPLOMA/AUTOSAR_Port_Project/AUTOSAR_Port_Project" --include_path="D:/ccs/tools/compiler/ti-cgt-arm_20.2.7.LTS/include" --define=ccs="ccs" --define=PART_TM4C123GH6PM -g --gcc --diag_warning=225 --diag_wrap=off --display_error_number --abi=eabi --preproc_with_compile --preproc_dependency="Mcu.d_raw"  "../Mcu.c"
Finished building: "../Mcu.c"
 
Building file: "../tm4c123gh6pm_startup_ccs.c"
Invoking: Arm Compiler
"D:/ccs/tools/compiler/ti-cgt-arm_20.2.7.LTS/bin/armcl" -mv7M4 --code_state=16 --float_support=FPv4SPD16 -me --include_path="C:/Users/20109/Desktop/Automotive DIPLOMA/AUTOSAR_Port_Project/AUTOSAR_Port_Project" --include_path="D:/ccs/tools/compiler/ti-cgt-arm_20.2.7.LTS/include" --define=ccs="ccs" --define=PART_TM4C123GH6PM -g --gcc --diag_warning=225 --diag_wrap=off --display_error_number --abi=eabi --preproc_with_compile --preproc_dependency="tm4c123gh6pm_startup_ccs.d_raw"  "../tm4c123gh6pm_startup_ccs.c"
 
>> Compilation failure
subdir_rules.mk:9: recipe for target 'tm4c123gh6pm_startup_ccs.obj' failed
"../tm4c123gh6pm_startup_ccs.c", line 85: error #20: identifier "SysTick_Handler" is undefined
1 error detected in the compilation of "../tm4c123gh6pm_startup_ccs.c".
gmake: *** [tm4c123gh6pm_startup_ccs.obj] Error 1
Building file: "../Os.c"
Invoking: Arm Compiler
"D:/ccs/tools/compiler/ti-cgt-arm_20.2.7.LTS/bin/armcl" -mv7M4 --code_state=16 --float_support=FPv4SPD16 -me --include_path="C:/Users/20109/Desktop/Automotive DIPLOMA/AUTOSAR_Port_Project/AUTOSAR_Port_Project" --include_path="D:/ccs/tools/compiler/ti-cgt-arm_20.2.7.LTS/include" --define=ccs="ccs" --define=PART_TM4C123GH6PM -g --gcc --diag_warning=225 --diag_wrap=off --display_error_number --abi=eabi --preproc_with_compile --preproc_dependency="Os.d_raw"  "../Os.c"
Finished building: "../Os.c"
 
Building file: "../main.c"
Invoking: Arm Compiler
"D:/ccs/tools/compiler/ti-cgt-arm_20.2.7.LTS/bin/armcl" -mv7M4 --code_state=16 --float_support=FPv4SPD16 -me --include_path="C:/Users/20109/Desktop/Automotive DIPLOMA/AUTOSAR_Port_Project/AUTOSAR_Port_Project" --include_path="D:/ccs/tools/compiler/ti-cgt-arm_20.2.7.LTS/include" --define=ccs="ccs" --define=PART_TM4C123GH6PM -g --gcc --diag_warning=225 --diag_wrap=off --display_error_number --abi=eabi --preproc_with_compile --preproc_dependency="main.d_raw"  "../main.c"
Finished building: "../main.c"
 
Building file: "../Port.c"
Invoking: Arm Compiler
"D:/ccs/tools/compiler/ti-cgt-arm_20.2.7.LTS/bin/armcl" -mv7M4 --code_state=16 --float_support=FPv4SPD16 -me --include_path="C:/Users/20109/Desktop/Automotive DIPLOMA/AUTOSAR_Port_Project/AUTOSAR_Port_Project" --include_path="D:/ccs/tools/compiler/ti-cgt-arm_20.2.7.LTS/include" --define=ccs="ccs" --define=PART_TM4C123GH6PM -g --gcc --diag_warning=225 --diag_wrap=off --display_error_number --abi=eabi --preproc_with_compile --preproc_dependency="Port.d_raw"  "../Port.c"
Finished building: "../Port.c"
 
gmake: Target 'all' not remade because of errors.

**** Build Finished ****

**** Build of configuration Debug for project AUTOSAR_Port_Project ****

"D:\\ccs\\utils\\bin\\gmake" -k -j 12 all -O 
 
Building file: "../Gpt.c"
Invoking: Arm Compiler
"D:/ccs/tools/compiler/ti-cgt-arm_20.2.7.LTS/bin/armcl" -mv7M4 --code_state=16 --float_support=FPv4SPD16 -me --include_path="C:/Users/20109/Desktop/Automotive DIPLOMA/AUTOSAR_Port_Project/AUTOSAR_Port_Project" --include_path="D:/ccs/tools/compiler/ti-cgt-arm_20.2.7.LTS/include" --define=ccs="ccs" --define=PART_TM4C123GH6PM -g --gcc --diag_warning=225 --diag_wrap=off --display_error_number --abi=eabi --preproc_with_compile --preproc_dependency="Gpt.d_raw"  "../Gpt.c"
Finished building: "../Gpt.c"
 
Building file: "../Mcu.c"
Invoking: Arm Compiler
"D:/ccs/tools/compiler/ti-cgt-arm_20.2.7.LTS/bin/armcl" -mv7M4 --code_state=16 --float_support=FPv4SPD16 -me --include_path="C:/Users/20109/Desktop/Automotive DIPLOMA/AUTOSAR_Port_Project/AUTOSAR_Port_Project" --include_path="D:/ccs/tools/compiler/ti-cgt-arm_20.2.7.LTS/include" --define=ccs="ccs" --define=PART_TM4C123GH6PM -g --gcc --diag_warning=225 --diag_wrap=off --display_error_number --abi=eabi --preproc_with_compile --preproc_dependency="Mcu.d_raw"  "../Mcu.c"
Finished building: "../Mcu.c"
 
Building file: "../Port.c"
Invoking: Arm Compiler
"D:/ccs/tools/compiler/ti-cgt-arm_20.2.7.LTS/bin/armcl" -mv7M4 --code_state=16 --float_support=FPv4SPD16 -me --include_path="C:/Users/20109/Desktop/Automotive DIPLOMA/AUTOSAR_Port_Project/AUTOSAR_Port_Project" --include_path="D:/ccs/tools/compiler/ti-cgt-arm_20.2.7.LTS/include" --define=ccs="ccs" --define=PART_TM4C123GH6PM -g --gcc --diag_warning=225 --diag_wrap=off --display_error_number --abi=eabi --preproc_with_compile --preproc_dependency="Port.d_raw"  "../Port.c"
Finished building: "../Port.c"
 
Building file: "../tm4c123gh6pm_startup_ccs.c"
Invoking: Arm Compiler
"D:/ccs/tools/compiler/ti-cgt-arm_20.2.7.LTS/bin/armcl" -mv7M4 --code_state=16 --float_support=FPv4SPD16 -me --include_path="C:/Users/20109/Desktop/Automotive DIPLOMA/AUTOSAR_Port_Project/AUTOSAR_Port_Project" --include_path="D:/ccs/tools/compiler/ti-cgt-arm_20.2.7.LTS/include" --define=ccs="ccs" --define=PART_TM4C123GH6PM -g --gcc --diag_warning=225 --diag_wrap=off --display_error_number --abi=eabi --preproc_with_compile --preproc_dependency="tm4c123gh6pm_startup_ccs.d_raw"  "../tm4c123gh6pm_startup_ccs.c"
Finished building: "../tm4c123gh6pm_startup_ccs.c"
 
Building target: "AUTOSAR_Port_Project.out"
Invoking: Arm Linker
"D:/ccs/tools/compiler/ti-cgt-arm_20.2.7.LTS/bin/armcl" -mv7M4 --code_state=16 --float_support=FPv4SPD16 -me --define=ccs="ccs" --define=PART_TM4C123GH6PM -g --gcc --diag_warning=225 --diag_wrap=off --display_error_number --abi=eabi -z -m"AUTOSAR_Port_Project.map" --heap_size=0 --stack_size=512 -i"D:/ccs/tools/compiler/ti-cgt-arm_20.2.7.LTS/lib" -i"D:/ccs/tools/compiler/ti-cgt-arm_20.2.7.LTS/include" --reread_libs --diag_wrap=off --display_error_number --warn_sections --xml_link_info="AUTOSAR_Port_Project_linkInfo.xml" --rom_model -o "AUTOSAR_Port_Project.out" "./App.obj" "./Button.obj" "./Det.obj" "./Dio.obj" "./Dio_PBcfg.obj" "./Gpt.obj" "./Led.obj" "./Mcu.obj" "./Os.obj" "./Port.obj" "./main.obj" "./tm4c123gh6pm_startup_ccs.obj" "../tm4c123gh6pm.cmd"  -llibc.a 
<Linking>
Finished building target: "AUTOSAR_Port_Project.out"
 

**** Build Finished ****

**** Build of configuration Debug for project AUTOSAR_Port_Project ****

"D:\\ccs\\utils\\bin\\gmake" -k -j 12 all -O 
 
gmake[1]: 'AUTOSAR_Port_Project.out' is up to date.

**** Build Finished ****
